{"contracts/interfaces/IERC20.sol":{"l":{},"path":"/Users/yushimasui/go/src/starlay-token/contracts/interfaces/IERC20.sol","s":{},"b":{},"f":{},"fnMap":{},"statementMap":{},"branchMap":{}},"contracts/interfaces/IERC20Detailed.sol":{"l":{},"path":"/Users/yushimasui/go/src/starlay-token/contracts/interfaces/IERC20Detailed.sol","s":{},"b":{},"f":{},"fnMap":{},"statementMap":{},"branchMap":{}},"contracts/interfaces/IGovernancePowerDelegationToken.sol":{"l":{},"path":"/Users/yushimasui/go/src/starlay-token/contracts/interfaces/IGovernancePowerDelegationToken.sol","s":{},"b":{},"f":{},"fnMap":{},"statementMap":{},"branchMap":{}},"contracts/interfaces/ITransferHook.sol":{"l":{},"path":"/Users/yushimasui/go/src/starlay-token/contracts/interfaces/ITransferHook.sol","s":{},"b":{},"f":{},"fnMap":{},"statementMap":{},"branchMap":{}},"contracts/token/base/GovernancePowerDelegationERC20.sol":{"l":{"37":3,"45":5,"46":5,"59":10,"61":10,"75":40,"81":40,"93":16,"99":16,"109":1,"122":17,"124":16,"126":16,"128":16,"130":16,"132":16,"133":16,"149":32,"150":2,"153":30,"159":30,"160":30,"161":30,"163":30,"164":27,"166":3,"169":30,"177":30,"179":30,"180":30,"181":30,"182":30,"183":20,"185":10,"188":30,"196":30,"213":56,"215":54,"217":54,"218":4,"222":50,"223":40,"227":10,"228":2,"231":8,"232":8,"233":8,"234":15,"235":15,"236":15,"237":3,"239":5,"241":7,"244":5,"277":60,"279":60,"280":60,"283":60,"287":4,"289":56,"290":56,"305":58,"307":58,"308":24,"311":34},"path":"/Users/yushimasui/go/src/starlay-token/contracts/token/base/GovernancePowerDelegationERC20.sol","s":{"1":3,"2":5,"3":5,"4":10,"5":10,"6":40,"7":40,"8":16,"9":16,"10":1,"11":17,"12":16,"13":16,"14":16,"15":16,"16":16,"17":16,"18":32,"19":2,"20":30,"21":30,"22":30,"23":30,"24":30,"25":27,"26":3,"27":30,"28":30,"29":30,"30":30,"31":30,"32":30,"33":20,"34":10,"35":30,"36":30,"37":56,"38":54,"39":54,"40":4,"41":50,"42":40,"43":10,"44":2,"45":8,"46":8,"47":8,"48":15,"49":15,"50":15,"51":3,"52":12,"53":5,"54":7,"55":5,"56":60,"57":60,"58":60,"59":60,"60":4,"61":56,"62":56,"63":58,"64":58,"65":24,"66":34},"b":{"1":[16,1],"2":[2,30],"3":[30,0],"4":[27,3],"5":[30,0],"6":[20,10],"7":[54,2],"8":[4,50],"9":[40,10],"10":[2,8],"11":[3,12],"12":[5,7],"13":[4,56],"14":[24,34]},"f":{"1":3,"2":5,"3":10,"4":40,"5":16,"6":1,"7":17,"8":32,"9":56,"10":60,"11":58},"fnMap":{"1":{"name":"delegateByType","line":36,"loc":{"start":{"line":36,"column":2},"end":{"line":38,"column":2}}},"2":{"name":"delegate","line":44,"loc":{"start":{"line":44,"column":2},"end":{"line":47,"column":2}}},"3":{"name":"getDelegateeByType","line":53,"loc":{"start":{"line":53,"column":2},"end":{"line":62,"column":2}}},"4":{"name":"getPowerCurrent","line":69,"loc":{"start":{"line":69,"column":2},"end":{"line":82,"column":2}}},"5":{"name":"getPowerAtBlock","line":88,"loc":{"start":{"line":88,"column":2},"end":{"line":100,"column":2}}},"6":{"name":"totalSupplyAt","line":108,"loc":{"start":{"line":108,"column":2},"end":{"line":110,"column":2}}},"7":{"name":"_delegateByType","line":117,"loc":{"start":{"line":117,"column":2},"end":{"line":134,"column":2}}},"8":{"name":"_moveDelegatesByType","line":143,"loc":{"start":{"line":143,"column":2},"end":{"line":198,"column":2}}},"9":{"name":"_searchByBlockNumber","line":207,"loc":{"start":{"line":207,"column":2},"end":{"line":245,"column":2}}},"10":{"name":"_writeSnapshot","line":270,"loc":{"start":{"line":270,"column":2},"end":{"line":292,"column":2}}},"11":{"name":"_getDelegatee","line":300,"loc":{"start":{"line":300,"column":2},"end":{"line":312,"column":2}}}},"statementMap":{"1":{"start":{"line":37,"column":4},"end":{"line":37,"column":57}},"2":{"start":{"line":45,"column":4},"end":{"line":45,"column":70}},"3":{"start":{"line":46,"column":4},"end":{"line":46,"column":75}},"4":{"start":{"line":59,"column":4},"end":{"line":59,"column":98}},"5":{"start":{"line":61,"column":4},"end":{"line":61,"column":46}},"6":{"start":{"line":75,"column":4},"end":{"line":75,"column":2470}},"7":{"start":{"line":81,"column":4},"end":{"line":81,"column":79}},"8":{"start":{"line":93,"column":4},"end":{"line":93,"column":3005}},"9":{"start":{"line":99,"column":4},"end":{"line":99,"column":78}},"10":{"start":{"line":109,"column":4},"end":{"line":109,"column":30}},"11":{"start":{"line":122,"column":4},"end":{"line":122,"column":56}},"12":{"start":{"line":124,"column":4},"end":{"line":124,"column":98}},"13":{"start":{"line":126,"column":4},"end":{"line":126,"column":51}},"14":{"start":{"line":128,"column":4},"end":{"line":128,"column":67}},"15":{"start":{"line":130,"column":4},"end":{"line":130,"column":35}},"16":{"start":{"line":132,"column":4},"end":{"line":132,"column":87}},"17":{"start":{"line":133,"column":4},"end":{"line":133,"column":62}},"18":{"start":{"line":149,"column":4},"end":{"line":149,"column":5036}},"19":{"start":{"line":150,"column":6},"end":{"line":150,"column":12}},"20":{"start":{"line":153,"column":4},"end":{"line":153,"column":5123}},"21":{"start":{"line":159,"column":4},"end":{"line":159,"column":5270}},"22":{"start":{"line":160,"column":6},"end":{"line":160,"column":26}},"23":{"start":{"line":161,"column":6},"end":{"line":161,"column":56}},"24":{"start":{"line":163,"column":6},"end":{"line":163,"column":5391}},"25":{"start":{"line":164,"column":8},"end":{"line":164,"column":63}},"26":{"start":{"line":166,"column":8},"end":{"line":166,"column":33}},"27":{"start":{"line":169,"column":6},"end":{"line":169,"column":5554}},"28":{"start":{"line":177,"column":6},"end":{"line":177,"column":76}},"29":{"start":{"line":179,"column":4},"end":{"line":179,"column":5789}},"30":{"start":{"line":180,"column":6},"end":{"line":180,"column":26}},"31":{"start":{"line":181,"column":6},"end":{"line":181,"column":52}},"32":{"start":{"line":182,"column":6},"end":{"line":182,"column":5903}},"33":{"start":{"line":183,"column":8},"end":{"line":183,"column":59}},"34":{"start":{"line":185,"column":8},"end":{"line":185,"column":31}},"35":{"start":{"line":188,"column":6},"end":{"line":188,"column":6058}},"36":{"start":{"line":196,"column":6},"end":{"line":196,"column":74}},"37":{"start":{"line":213,"column":4},"end":{"line":213,"column":63}},"38":{"start":{"line":215,"column":4},"end":{"line":215,"column":50}},"39":{"start":{"line":217,"column":4},"end":{"line":217,"column":6955}},"40":{"start":{"line":218,"column":6},"end":{"line":218,"column":28}},"41":{"start":{"line":222,"column":4},"end":{"line":222,"column":7062}},"42":{"start":{"line":223,"column":6},"end":{"line":223,"column":54}},"43":{"start":{"line":227,"column":4},"end":{"line":227,"column":7239}},"44":{"start":{"line":228,"column":6},"end":{"line":228,"column":14}},"45":{"start":{"line":231,"column":4},"end":{"line":231,"column":21}},"46":{"start":{"line":232,"column":4},"end":{"line":232,"column":38}},"47":{"start":{"line":233,"column":4},"end":{"line":233,"column":7381}},"48":{"start":{"line":234,"column":6},"end":{"line":234,"column":50}},"49":{"start":{"line":235,"column":6},"end":{"line":235,"column":56}},"50":{"start":{"line":236,"column":6},"end":{"line":236,"column":7550}},"51":{"start":{"line":237,"column":8},"end":{"line":237,"column":29}},"52":{"start":{"line":238,"column":13},"end":{"line":238,"column":7637}},"53":{"start":{"line":239,"column":8},"end":{"line":239,"column":21}},"54":{"start":{"line":241,"column":8},"end":{"line":241,"column":25}},"55":{"start":{"line":244,"column":4},"end":{"line":244,"column":39}},"56":{"start":{"line":277,"column":4},"end":{"line":277,"column":48}},"57":{"start":{"line":279,"column":4},"end":{"line":279,"column":56}},"58":{"start":{"line":280,"column":4},"end":{"line":280,"column":74}},"59":{"start":{"line":283,"column":4},"end":{"line":283,"column":9317}},"60":{"start":{"line":287,"column":6},"end":{"line":287,"column":61}},"61":{"start":{"line":289,"column":6},"end":{"line":289,"column":75}},"62":{"start":{"line":290,"column":6},"end":{"line":290,"column":53}},"63":{"start":{"line":305,"column":4},"end":{"line":305,"column":52}},"64":{"start":{"line":307,"column":4},"end":{"line":307,"column":10195}},"65":{"start":{"line":308,"column":6},"end":{"line":308,"column":22}},"66":{"start":{"line":311,"column":4},"end":{"line":311,"column":28}}},"branchMap":{"1":{"line":122,"type":"if","locations":[{"start":{"line":122,"column":4},"end":{"line":122,"column":4}},{"start":{"line":122,"column":4},"end":{"line":122,"column":4}}]},"2":{"line":149,"type":"if","locations":[{"start":{"line":149,"column":4},"end":{"line":149,"column":4}},{"start":{"line":149,"column":4},"end":{"line":149,"column":4}}]},"3":{"line":159,"type":"if","locations":[{"start":{"line":159,"column":4},"end":{"line":159,"column":4}},{"start":{"line":159,"column":4},"end":{"line":159,"column":4}}]},"4":{"line":163,"type":"if","locations":[{"start":{"line":163,"column":6},"end":{"line":163,"column":6}},{"start":{"line":163,"column":6},"end":{"line":163,"column":6}}]},"5":{"line":179,"type":"if","locations":[{"start":{"line":179,"column":4},"end":{"line":179,"column":4}},{"start":{"line":179,"column":4},"end":{"line":179,"column":4}}]},"6":{"line":182,"type":"if","locations":[{"start":{"line":182,"column":6},"end":{"line":182,"column":6}},{"start":{"line":182,"column":6},"end":{"line":182,"column":6}}]},"7":{"line":213,"type":"if","locations":[{"start":{"line":213,"column":4},"end":{"line":213,"column":4}},{"start":{"line":213,"column":4},"end":{"line":213,"column":4}}]},"8":{"line":217,"type":"if","locations":[{"start":{"line":217,"column":4},"end":{"line":217,"column":4}},{"start":{"line":217,"column":4},"end":{"line":217,"column":4}}]},"9":{"line":222,"type":"if","locations":[{"start":{"line":222,"column":4},"end":{"line":222,"column":4}},{"start":{"line":222,"column":4},"end":{"line":222,"column":4}}]},"10":{"line":227,"type":"if","locations":[{"start":{"line":227,"column":4},"end":{"line":227,"column":4}},{"start":{"line":227,"column":4},"end":{"line":227,"column":4}}]},"11":{"line":236,"type":"if","locations":[{"start":{"line":236,"column":6},"end":{"line":236,"column":6}},{"start":{"line":236,"column":6},"end":{"line":236,"column":6}}]},"12":{"line":238,"type":"if","locations":[{"start":{"line":238,"column":13},"end":{"line":238,"column":13}},{"start":{"line":238,"column":13},"end":{"line":238,"column":13}}]},"13":{"line":283,"type":"if","locations":[{"start":{"line":283,"column":4},"end":{"line":283,"column":4}},{"start":{"line":283,"column":4},"end":{"line":283,"column":4}}]},"14":{"line":307,"type":"if","locations":[{"start":{"line":307,"column":4},"end":{"line":307,"column":4}},{"start":{"line":307,"column":4},"end":{"line":307,"column":4}}]}}},"contracts/token/LayToken.sol":{"l":{"64":1,"67":1,"71":1,"80":1,"81":1,"82":1,"83":1,"84":1,"107":7,"109":6,"110":4,"111":4,"119":4,"120":2,"121":2,"128":1,"142":13,"144":13,"145":13,"148":13,"152":2,"154":11,"155":11,"158":13,"175":8,"176":1,"179":7,"180":6,"181":6,"183":7,"184":7,"185":7,"189":7,"190":7,"191":7},"path":"/Users/yushimasui/go/src/starlay-token/contracts/token/LayToken.sol","s":{"1":1,"2":1,"3":1,"4":1,"5":1,"6":1,"7":1,"8":7,"9":6,"10":4,"11":4,"12":4,"13":2,"14":2,"15":1,"16":13,"17":13,"18":13,"19":13,"20":2,"21":11,"22":11,"23":13,"24":8,"25":1,"26":7,"27":6,"28":6,"29":7,"30":7,"31":7,"32":7,"33":7,"34":7},"b":{"1":[6,1],"2":[4,2],"3":[2,2],"4":[2,11],"5":[1,7],"6":[6,1],"7":[7,0],"8":[7,0]},"f":{"1":3,"2":1,"3":7,"4":1,"5":13,"6":8},"fnMap":{"1":{"name":"constructor","line":54,"loc":{"start":{"line":54,"column":2},"end":{"line":54,"column":44}}},"2":{"name":"initialize","line":63,"loc":{"start":{"line":60,"column":2},"end":{"line":85,"column":2}}},"3":{"name":"permit","line":98,"loc":{"start":{"line":98,"column":2},"end":{"line":122,"column":2}}},"4":{"name":"getRevision","line":127,"loc":{"start":{"line":127,"column":2},"end":{"line":129,"column":2}}},"5":{"name":"_writeSnapshot","line":137,"loc":{"start":{"line":137,"column":2},"end":{"line":159,"column":2}}},"6":{"name":"_beforeTokenTransfer","line":170,"loc":{"start":{"line":170,"column":2},"end":{"line":193,"column":2}}}},"statementMap":{"1":{"start":{"line":64,"column":4},"end":{"line":64,"column":19}},"2":{"start":{"line":71,"column":4},"end":{"line":71,"column":2365}},"3":{"start":{"line":80,"column":4},"end":{"line":80,"column":15}},"4":{"start":{"line":81,"column":4},"end":{"line":81,"column":19}},"5":{"start":{"line":82,"column":4},"end":{"line":82,"column":27}},"6":{"start":{"line":83,"column":4},"end":{"line":83,"column":41}},"7":{"start":{"line":84,"column":4},"end":{"line":84,"column":45}},"8":{"start":{"line":107,"column":4},"end":{"line":107,"column":48}},"9":{"start":{"line":109,"column":4},"end":{"line":109,"column":61}},"10":{"start":{"line":110,"column":4},"end":{"line":110,"column":46}},"11":{"start":{"line":111,"column":4},"end":{"line":111,"column":3509}},"12":{"start":{"line":119,"column":4},"end":{"line":119,"column":68}},"13":{"start":{"line":120,"column":4},"end":{"line":120,"column":44}},"14":{"start":{"line":121,"column":4},"end":{"line":121,"column":34}},"15":{"start":{"line":128,"column":4},"end":{"line":128,"column":19}},"16":{"start":{"line":142,"column":4},"end":{"line":142,"column":48}},"17":{"start":{"line":144,"column":4},"end":{"line":144,"column":59}},"18":{"start":{"line":145,"column":4},"end":{"line":145,"column":75}},"19":{"start":{"line":148,"column":4},"end":{"line":148,"column":4651}},"20":{"start":{"line":152,"column":6},"end":{"line":152,"column":63}},"21":{"start":{"line":154,"column":6},"end":{"line":154,"column":77}},"22":{"start":{"line":155,"column":6},"end":{"line":155,"column":56}},"23":{"start":{"line":158,"column":4},"end":{"line":158,"column":48}},"24":{"start":{"line":175,"column":4},"end":{"line":175,"column":5521}},"25":{"start":{"line":176,"column":6},"end":{"line":176,"column":12}},"26":{"start":{"line":179,"column":4},"end":{"line":179,"column":5564}},"27":{"start":{"line":180,"column":6},"end":{"line":180,"column":43}},"28":{"start":{"line":181,"column":6},"end":{"line":181,"column":81}},"29":{"start":{"line":183,"column":4},"end":{"line":183,"column":5729}},"30":{"start":{"line":184,"column":6},"end":{"line":184,"column":39}},"31":{"start":{"line":185,"column":6},"end":{"line":185,"column":75}},"32":{"start":{"line":189,"column":4},"end":{"line":189,"column":56}},"33":{"start":{"line":190,"column":4},"end":{"line":190,"column":6017}},"34":{"start":{"line":191,"column":6},"end":{"line":191,"column":51}}},"branchMap":{"1":{"line":107,"type":"if","locations":[{"start":{"line":107,"column":4},"end":{"line":107,"column":4}},{"start":{"line":107,"column":4},"end":{"line":107,"column":4}}]},"2":{"line":109,"type":"if","locations":[{"start":{"line":109,"column":4},"end":{"line":109,"column":4}},{"start":{"line":109,"column":4},"end":{"line":109,"column":4}}]},"3":{"line":119,"type":"if","locations":[{"start":{"line":119,"column":4},"end":{"line":119,"column":4}},{"start":{"line":119,"column":4},"end":{"line":119,"column":4}}]},"4":{"line":148,"type":"if","locations":[{"start":{"line":148,"column":4},"end":{"line":148,"column":4}},{"start":{"line":148,"column":4},"end":{"line":148,"column":4}}]},"5":{"line":175,"type":"if","locations":[{"start":{"line":175,"column":4},"end":{"line":175,"column":4}},{"start":{"line":175,"column":4},"end":{"line":175,"column":4}}]},"6":{"line":179,"type":"if","locations":[{"start":{"line":179,"column":4},"end":{"line":179,"column":4}},{"start":{"line":179,"column":4},"end":{"line":179,"column":4}}]},"7":{"line":183,"type":"if","locations":[{"start":{"line":183,"column":4},"end":{"line":183,"column":4}},{"start":{"line":183,"column":4},"end":{"line":183,"column":4}}]},"8":{"line":190,"type":"if","locations":[{"start":{"line":190,"column":4},"end":{"line":190,"column":4}},{"start":{"line":190,"column":4},"end":{"line":190,"column":4}}]}}},"contracts/token/LayTokenV2.sol":{"l":{"78":7,"80":6,"81":4,"82":4,"90":4,"91":2,"92":2,"99":2,"116":8,"117":8,"119":8,"126":8,"127":8,"129":8,"137":8,"138":8,"139":8,"153":112,"154":56,"156":56,"183":5,"186":5,"187":5,"188":5,"189":4,"190":3,"191":2,"211":4,"212":4,"213":4,"214":4,"215":3,"216":2,"217":1,"218":1},"path":"/Users/yushimasui/go/src/starlay-token/contracts/token/LayTokenV2.sol","s":{"1":7,"2":6,"3":4,"4":4,"5":4,"6":2,"7":2,"8":2,"9":8,"10":8,"11":8,"12":8,"13":8,"14":8,"15":8,"16":8,"17":8,"18":112,"19":56,"20":56,"21":5,"22":5,"23":5,"24":5,"25":4,"26":3,"27":2,"28":4,"29":4,"30":4,"31":4,"32":3,"33":2,"34":1,"35":1},"b":{"1":[6,1],"2":[4,2],"3":[2,2],"4":[8,0],"5":[56,56],"6":[4,1],"7":[3,1],"8":[2,1],"9":[3,1],"10":[2,1],"11":[1,1]},"f":{"1":6,"2":2,"3":7,"4":2,"5":8,"6":112,"7":5,"8":4},"fnMap":{"1":{"name":"constructor","line":51,"loc":{"start":{"line":51,"column":2},"end":{"line":51,"column":44}}},"2":{"name":"initialize","line":56,"loc":{"start":{"line":56,"column":2},"end":{"line":56,"column":46}}},"3":{"name":"permit","line":69,"loc":{"start":{"line":69,"column":2},"end":{"line":93,"column":2}}},"4":{"name":"getRevision","line":98,"loc":{"start":{"line":98,"column":2},"end":{"line":100,"column":2}}},"5":{"name":"_beforeTokenTransfer","line":111,"loc":{"start":{"line":111,"column":2},"end":{"line":141,"column":2}}},"6":{"name":"_getDelegationDataByType","line":143,"loc":{"start":{"line":143,"column":2},"end":{"line":162,"column":2}}},"7":{"name":"delegateByTypeBySig","line":174,"loc":{"start":{"line":174,"column":2},"end":{"line":192,"column":2}}},"8":{"name":"delegateBySig","line":203,"loc":{"start":{"line":203,"column":2},"end":{"line":219,"column":2}}}},"statementMap":{"1":{"start":{"line":78,"column":4},"end":{"line":78,"column":48}},"2":{"start":{"line":80,"column":4},"end":{"line":80,"column":61}},"3":{"start":{"line":81,"column":4},"end":{"line":81,"column":46}},"4":{"start":{"line":82,"column":4},"end":{"line":82,"column":2987}},"5":{"start":{"line":90,"column":4},"end":{"line":90,"column":68}},"6":{"start":{"line":91,"column":4},"end":{"line":91,"column":44}},"7":{"start":{"line":92,"column":4},"end":{"line":92,"column":34}},"8":{"start":{"line":99,"column":4},"end":{"line":99,"column":19}},"9":{"start":{"line":116,"column":4},"end":{"line":116,"column":71}},"10":{"start":{"line":117,"column":4},"end":{"line":117,"column":67}},"11":{"start":{"line":119,"column":4},"end":{"line":119,"column":4135}},"12":{"start":{"line":126,"column":4},"end":{"line":126,"column":84}},"13":{"start":{"line":127,"column":4},"end":{"line":127,"column":80}},"14":{"start":{"line":129,"column":4},"end":{"line":129,"column":4438}},"15":{"start":{"line":137,"column":4},"end":{"line":137,"column":48}},"16":{"start":{"line":138,"column":4},"end":{"line":138,"column":4705}},"17":{"start":{"line":139,"column":6},"end":{"line":139,"column":47}},"18":{"start":{"line":153,"column":4},"end":{"line":153,"column":5143}},"19":{"start":{"line":154,"column":6},"end":{"line":154,"column":73}},"20":{"start":{"line":156,"column":6},"end":{"line":156,"column":5293}},"21":{"start":{"line":183,"column":4},"end":{"line":183,"column":6101}},"22":{"start":{"line":186,"column":4},"end":{"line":186,"column":90}},"23":{"start":{"line":187,"column":4},"end":{"line":187,"column":50}},"24":{"start":{"line":188,"column":4},"end":{"line":188,"column":56}},"25":{"start":{"line":189,"column":4},"end":{"line":189,"column":58}},"26":{"start":{"line":190,"column":4},"end":{"line":190,"column":59}},"27":{"start":{"line":191,"column":4},"end":{"line":191,"column":56}},"28":{"start":{"line":211,"column":4},"end":{"line":211,"column":91}},"29":{"start":{"line":212,"column":4},"end":{"line":212,"column":90}},"30":{"start":{"line":213,"column":4},"end":{"line":213,"column":50}},"31":{"start":{"line":214,"column":4},"end":{"line":214,"column":56}},"32":{"start":{"line":215,"column":4},"end":{"line":215,"column":58}},"33":{"start":{"line":216,"column":4},"end":{"line":216,"column":59}},"34":{"start":{"line":217,"column":4},"end":{"line":217,"column":69}},"35":{"start":{"line":218,"column":4},"end":{"line":218,"column":74}}},"branchMap":{"1":{"line":78,"type":"if","locations":[{"start":{"line":78,"column":4},"end":{"line":78,"column":4}},{"start":{"line":78,"column":4},"end":{"line":78,"column":4}}]},"2":{"line":80,"type":"if","locations":[{"start":{"line":80,"column":4},"end":{"line":80,"column":4}},{"start":{"line":80,"column":4},"end":{"line":80,"column":4}}]},"3":{"line":90,"type":"if","locations":[{"start":{"line":90,"column":4},"end":{"line":90,"column":4}},{"start":{"line":90,"column":4},"end":{"line":90,"column":4}}]},"4":{"line":138,"type":"if","locations":[{"start":{"line":138,"column":4},"end":{"line":138,"column":4}},{"start":{"line":138,"column":4},"end":{"line":138,"column":4}}]},"5":{"line":153,"type":"if","locations":[{"start":{"line":153,"column":4},"end":{"line":153,"column":4}},{"start":{"line":153,"column":4},"end":{"line":153,"column":4}}]},"6":{"line":188,"type":"if","locations":[{"start":{"line":188,"column":4},"end":{"line":188,"column":4}},{"start":{"line":188,"column":4},"end":{"line":188,"column":4}}]},"7":{"line":189,"type":"if","locations":[{"start":{"line":189,"column":4},"end":{"line":189,"column":4}},{"start":{"line":189,"column":4},"end":{"line":189,"column":4}}]},"8":{"line":190,"type":"if","locations":[{"start":{"line":190,"column":4},"end":{"line":190,"column":4}},{"start":{"line":190,"column":4},"end":{"line":190,"column":4}}]},"9":{"line":214,"type":"if","locations":[{"start":{"line":214,"column":4},"end":{"line":214,"column":4}},{"start":{"line":214,"column":4},"end":{"line":214,"column":4}}]},"10":{"line":215,"type":"if","locations":[{"start":{"line":215,"column":4},"end":{"line":215,"column":4}},{"start":{"line":215,"column":4},"end":{"line":215,"column":4}}]},"11":{"line":216,"type":"if","locations":[{"start":{"line":216,"column":4},"end":{"line":216,"column":4}},{"start":{"line":216,"column":4},"end":{"line":216,"column":4}}]}}},"contracts/token/vesting/MockTokenVesting.sol":{"l":{"17":15,"22":3,"31":12,"38":5},"path":"/Users/yushimasui/go/src/starlay-token/contracts/token/vesting/MockTokenVesting.sol","s":{"1":15,"2":3,"3":12,"4":5},"b":{},"f":{"1":15,"2":3,"3":12,"4":5},"fnMap":{"1":{"name":"constructor","line":16,"loc":{"start":{"line":16,"column":4},"end":{"line":18,"column":4}}},"2":{"name":"setCurrentTime","line":20,"loc":{"start":{"line":20,"column":4},"end":{"line":23,"column":4}}},"3":{"name":"getCurrentTime","line":25,"loc":{"start":{"line":25,"column":4},"end":{"line":32,"column":4}}},"4":{"name":"releaseMock","line":34,"loc":{"start":{"line":34,"column":4},"end":{"line":39,"column":4}}}},"statementMap":{"1":{"start":{"line":17,"column":8},"end":{"line":17,"column":30}},"2":{"start":{"line":22,"column":8},"end":{"line":22,"column":23}},"3":{"start":{"line":31,"column":8},"end":{"line":31,"column":23}},"4":{"start":{"line":38,"column":8},"end":{"line":38,"column":50}}},"branchMap":{}},"contracts/token/vesting/Token.sol":{"l":{"9":15},"path":"/Users/yushimasui/go/src/starlay-token/contracts/token/vesting/Token.sol","s":{"1":15},"b":{},"f":{"1":15},"fnMap":{"1":{"name":"constructor","line":8,"loc":{"start":{"line":8,"column":4},"end":{"line":10,"column":4}}}},"statementMap":{"1":{"start":{"line":9,"column":8},"end":{"line":9,"column":39}}},"branchMap":{}},"contracts/token/vesting/TokenVesting.sol":{"l":{"55":0,"56":0,"63":13,"64":13,"65":13,"73":15,"74":15,"89":1,"100":0,"101":0,"112":0,"124":0,"134":2,"158":5,"162":5,"163":4,"164":3,"165":2,"166":2,"167":2,"179":2,"180":2,"181":2,"182":2,"193":2,"194":2,"195":2,"196":2,"197":1,"199":2,"200":2,"201":2,"212":0,"213":0,"228":6,"229":6,"230":6,"231":6,"235":5,"236":5,"237":4,"238":4,"239":4,"240":4,"251":1,"263":5,"264":5,"275":2,"286":6,"296":3,"306":0,"316":6,"327":12,"328":12,"329":1,"331":5,"333":6,"334":6,"335":6,"336":6,"337":6,"338":6,"339":6,"348":0},"path":"/Users/yushimasui/go/src/starlay-token/contracts/token/vesting/TokenVesting.sol","s":{"1":0,"2":13,"3":13,"4":15,"5":15,"6":1,"7":0,"8":0,"9":0,"10":0,"11":2,"12":5,"13":5,"14":4,"15":3,"16":2,"17":2,"18":2,"19":2,"20":2,"21":2,"22":2,"23":2,"24":2,"25":2,"26":2,"27":1,"28":2,"29":2,"30":2,"31":0,"32":0,"33":6,"34":6,"35":6,"36":6,"37":5,"38":5,"39":4,"40":4,"41":4,"42":4,"43":1,"44":5,"45":5,"46":2,"47":6,"48":3,"49":0,"50":6,"51":12,"52":12,"53":1,"54":11,"55":5,"56":6,"57":6,"58":6,"59":6,"60":6,"61":6,"62":6,"63":0},"b":{"1":[0,0],"2":[13,0],"3":[13,0],"4":[15,0],"5":[0,0],"6":[5,0],"7":[4,1],"8":[3,1],"9":[2,1],"10":[2,0],"11":[1,1],"12":[0,0],"13":[5,1],"14":[4,1],"15":[1,11],"16":[5,6]},"f":{"1":0,"2":13,"3":15,"4":0,"5":1,"6":0,"7":0,"8":0,"9":2,"10":5,"11":2,"12":0,"13":6,"14":1,"15":5,"16":2,"17":6,"18":3,"19":0,"20":6,"21":12,"22":0},"fnMap":{"1":{"name":"onlyIfVestingScheduleExists","line":54,"loc":{"start":{"line":54,"column":4},"end":{"line":57,"column":4}}},"2":{"name":"onlyIfVestingScheduleNotRevoked","line":62,"loc":{"start":{"line":62,"column":4},"end":{"line":66,"column":4}}},"3":{"name":"constructor","line":72,"loc":{"start":{"line":72,"column":4},"end":{"line":75,"column":4}}},"4":{"name":null,"line":79,"loc":{"start":{"line":79,"column":4},"end":{"line":79,"column":33}}},"5":{"name":"getVestingSchedulesCountByBeneficiary","line":85,"loc":{"start":{"line":85,"column":4},"end":{"line":90,"column":4}}},"6":{"name":"getVestingIdAtIndex","line":96,"loc":{"start":{"line":96,"column":4},"end":{"line":102,"column":4}}},"7":{"name":"getVestingScheduleByAddressAndIndex","line":108,"loc":{"start":{"line":108,"column":4},"end":{"line":113,"column":4}}},"8":{"name":"getVestingSchedulesTotalAmount","line":120,"loc":{"start":{"line":120,"column":4},"end":{"line":125,"column":4}}},"9":{"name":"getToken","line":130,"loc":{"start":{"line":130,"column":4},"end":{"line":135,"column":4}}},"10":{"name":"createVestingSchedule","line":157,"loc":{"start":{"line":147,"column":4},"end":{"line":183,"column":4}}},"11":{"name":"revoke","line":192,"loc":{"start":{"line":189,"column":4},"end":{"line":202,"column":4}}},"12":{"name":"withdraw","line":211,"loc":{"start":{"line":208,"column":4},"end":{"line":214,"column":4}}},"13":{"name":"release","line":227,"loc":{"start":{"line":221,"column":4},"end":{"line":241,"column":4}}},"14":{"name":"getVestingSchedulesCount","line":247,"loc":{"start":{"line":247,"column":4},"end":{"line":252,"column":4}}},"15":{"name":"computeReleasableAmount","line":260,"loc":{"start":{"line":258,"column":4},"end":{"line":265,"column":4}}},"16":{"name":"getVestingSchedule","line":271,"loc":{"start":{"line":271,"column":4},"end":{"line":276,"column":4}}},"17":{"name":"getWithdrawableAmount","line":282,"loc":{"start":{"line":282,"column":4},"end":{"line":287,"column":4}}},"18":{"name":"computeNextVestingScheduleIdForHolder","line":292,"loc":{"start":{"line":292,"column":4},"end":{"line":297,"column":4}}},"19":{"name":"getLastVestingScheduleForHolder","line":302,"loc":{"start":{"line":302,"column":4},"end":{"line":307,"column":4}}},"20":{"name":"computeVestingScheduleIdForAddressAndIndex","line":312,"loc":{"start":{"line":312,"column":4},"end":{"line":317,"column":4}}},"21":{"name":"_computeReleasableAmount","line":323,"loc":{"start":{"line":323,"column":4},"end":{"line":341,"column":4}}},"22":{"name":"getCurrentTime","line":343,"loc":{"start":{"line":343,"column":4},"end":{"line":349,"column":4}}}},"statementMap":{"1":{"start":{"line":55,"column":8},"end":{"line":55,"column":71}},"2":{"start":{"line":63,"column":8},"end":{"line":63,"column":71}},"3":{"start":{"line":64,"column":8},"end":{"line":64,"column":68}},"4":{"start":{"line":73,"column":8},"end":{"line":73,"column":38}},"5":{"start":{"line":74,"column":8},"end":{"line":74,"column":30}},"6":{"start":{"line":89,"column":8},"end":{"line":89,"column":48}},"7":{"start":{"line":100,"column":8},"end":{"line":100,"column":87}},"8":{"start":{"line":101,"column":8},"end":{"line":101,"column":41}},"9":{"start":{"line":112,"column":8},"end":{"line":112,"column":92}},"10":{"start":{"line":124,"column":8},"end":{"line":124,"column":42}},"11":{"start":{"line":134,"column":8},"end":{"line":134,"column":30}},"12":{"start":{"line":158,"column":8},"end":{"line":158,"column":5043}},"13":{"start":{"line":162,"column":8},"end":{"line":162,"column":67}},"14":{"start":{"line":163,"column":8},"end":{"line":163,"column":63}},"15":{"start":{"line":164,"column":8},"end":{"line":164,"column":89}},"16":{"start":{"line":165,"column":8},"end":{"line":165,"column":92}},"17":{"start":{"line":166,"column":8},"end":{"line":166,"column":42}},"18":{"start":{"line":167,"column":8},"end":{"line":167,"column":5579}},"19":{"start":{"line":179,"column":8},"end":{"line":179,"column":77}},"20":{"start":{"line":180,"column":8},"end":{"line":180,"column":50}},"21":{"start":{"line":181,"column":8},"end":{"line":181,"column":71}},"22":{"start":{"line":182,"column":8},"end":{"line":182,"column":69}},"23":{"start":{"line":193,"column":8},"end":{"line":193,"column":85}},"24":{"start":{"line":194,"column":8},"end":{"line":194,"column":91}},"25":{"start":{"line":195,"column":8},"end":{"line":195,"column":72}},"26":{"start":{"line":196,"column":8},"end":{"line":196,"column":6693}},"27":{"start":{"line":197,"column":12},"end":{"line":197,"column":51}},"28":{"start":{"line":199,"column":8},"end":{"line":199,"column":86}},"29":{"start":{"line":200,"column":8},"end":{"line":200,"column":80}},"30":{"start":{"line":201,"column":8},"end":{"line":201,"column":37}},"31":{"start":{"line":212,"column":8},"end":{"line":212,"column":101}},"32":{"start":{"line":213,"column":8},"end":{"line":213,"column":43}},"33":{"start":{"line":228,"column":8},"end":{"line":228,"column":85}},"34":{"start":{"line":229,"column":8},"end":{"line":229,"column":70}},"35":{"start":{"line":230,"column":8},"end":{"line":230,"column":44}},"36":{"start":{"line":231,"column":8},"end":{"line":231,"column":7924}},"37":{"start":{"line":235,"column":8},"end":{"line":235,"column":72}},"38":{"start":{"line":236,"column":8},"end":{"line":236,"column":103}},"39":{"start":{"line":237,"column":8},"end":{"line":237,"column":70}},"40":{"start":{"line":238,"column":8},"end":{"line":238,"column":81}},"41":{"start":{"line":239,"column":8},"end":{"line":239,"column":76}},"42":{"start":{"line":240,"column":8},"end":{"line":240,"column":54}},"43":{"start":{"line":251,"column":8},"end":{"line":251,"column":41}},"44":{"start":{"line":263,"column":8},"end":{"line":263,"column":85}},"45":{"start":{"line":264,"column":8},"end":{"line":264,"column":56}},"46":{"start":{"line":275,"column":8},"end":{"line":275,"column":50}},"47":{"start":{"line":286,"column":8},"end":{"line":286,"column":79}},"48":{"start":{"line":296,"column":8},"end":{"line":296,"column":94}},"49":{"start":{"line":306,"column":8},"end":{"line":306,"column":116}},"50":{"start":{"line":316,"column":8},"end":{"line":316,"column":57}},"51":{"start":{"line":327,"column":8},"end":{"line":327,"column":46}},"52":{"start":{"line":328,"column":8},"end":{"line":328,"column":11222}},"53":{"start":{"line":329,"column":12},"end":{"line":329,"column":20}},"54":{"start":{"line":330,"column":15},"end":{"line":330,"column":11339}},"55":{"start":{"line":331,"column":12},"end":{"line":331,"column":76}},"56":{"start":{"line":333,"column":12},"end":{"line":333,"column":74}},"57":{"start":{"line":334,"column":12},"end":{"line":334,"column":69}},"58":{"start":{"line":335,"column":12},"end":{"line":335,"column":75}},"59":{"start":{"line":336,"column":12},"end":{"line":336,"column":75}},"60":{"start":{"line":337,"column":12},"end":{"line":337,"column":111}},"61":{"start":{"line":338,"column":12},"end":{"line":338,"column":68}},"62":{"start":{"line":339,"column":12},"end":{"line":339,"column":31}},"63":{"start":{"line":348,"column":8},"end":{"line":348,"column":30}}},"branchMap":{"1":{"line":55,"type":"if","locations":[{"start":{"line":55,"column":8},"end":{"line":55,"column":8}},{"start":{"line":55,"column":8},"end":{"line":55,"column":8}}]},"2":{"line":63,"type":"if","locations":[{"start":{"line":63,"column":8},"end":{"line":63,"column":8}},{"start":{"line":63,"column":8},"end":{"line":63,"column":8}}]},"3":{"line":64,"type":"if","locations":[{"start":{"line":64,"column":8},"end":{"line":64,"column":8}},{"start":{"line":64,"column":8},"end":{"line":64,"column":8}}]},"4":{"line":73,"type":"if","locations":[{"start":{"line":73,"column":8},"end":{"line":73,"column":8}},{"start":{"line":73,"column":8},"end":{"line":73,"column":8}}]},"5":{"line":100,"type":"if","locations":[{"start":{"line":100,"column":8},"end":{"line":100,"column":8}},{"start":{"line":100,"column":8},"end":{"line":100,"column":8}}]},"6":{"line":158,"type":"if","locations":[{"start":{"line":158,"column":8},"end":{"line":158,"column":8}},{"start":{"line":158,"column":8},"end":{"line":158,"column":8}}]},"7":{"line":162,"type":"if","locations":[{"start":{"line":162,"column":8},"end":{"line":162,"column":8}},{"start":{"line":162,"column":8},"end":{"line":162,"column":8}}]},"8":{"line":163,"type":"if","locations":[{"start":{"line":163,"column":8},"end":{"line":163,"column":8}},{"start":{"line":163,"column":8},"end":{"line":163,"column":8}}]},"9":{"line":164,"type":"if","locations":[{"start":{"line":164,"column":8},"end":{"line":164,"column":8}},{"start":{"line":164,"column":8},"end":{"line":164,"column":8}}]},"10":{"line":194,"type":"if","locations":[{"start":{"line":194,"column":8},"end":{"line":194,"column":8}},{"start":{"line":194,"column":8},"end":{"line":194,"column":8}}]},"11":{"line":196,"type":"if","locations":[{"start":{"line":196,"column":8},"end":{"line":196,"column":8}},{"start":{"line":196,"column":8},"end":{"line":196,"column":8}}]},"12":{"line":212,"type":"if","locations":[{"start":{"line":212,"column":8},"end":{"line":212,"column":8}},{"start":{"line":212,"column":8},"end":{"line":212,"column":8}}]},"13":{"line":231,"type":"if","locations":[{"start":{"line":231,"column":8},"end":{"line":231,"column":8}},{"start":{"line":231,"column":8},"end":{"line":231,"column":8}}]},"14":{"line":236,"type":"if","locations":[{"start":{"line":236,"column":8},"end":{"line":236,"column":8}},{"start":{"line":236,"column":8},"end":{"line":236,"column":8}}]},"15":{"line":328,"type":"if","locations":[{"start":{"line":328,"column":8},"end":{"line":328,"column":8}},{"start":{"line":328,"column":8},"end":{"line":328,"column":8}}]},"16":{"line":330,"type":"if","locations":[{"start":{"line":330,"column":15},"end":{"line":330,"column":15}},{"start":{"line":330,"column":15},"end":{"line":330,"column":15}}]}}},"contracts/utils/DoubleTransferHelper.sol":{"l":{"11":6,"15":2,"16":2},"path":"/Users/yushimasui/go/src/starlay-token/contracts/utils/DoubleTransferHelper.sol","s":{"1":6,"2":2,"3":2},"b":{},"f":{"1":6,"2":2},"fnMap":{"1":{"name":"constructor","line":10,"loc":{"start":{"line":10,"column":4},"end":{"line":12,"column":4}}},"2":{"name":"doubleSend","line":14,"loc":{"start":{"line":14,"column":4},"end":{"line":17,"column":4}}}},"statementMap":{"1":{"start":{"line":11,"column":8},"end":{"line":11,"column":16}},"2":{"start":{"line":15,"column":8},"end":{"line":15,"column":32}},"3":{"start":{"line":16,"column":8},"end":{"line":16,"column":32}}},"branchMap":{}},"contracts/utils/MintableErc20.sol":{"l":{"12":0,"20":0,"21":0},"path":"/Users/yushimasui/go/src/starlay-token/contracts/utils/MintableErc20.sol","s":{"1":0,"2":0,"3":0},"b":{},"f":{"1":0,"2":0},"fnMap":{"1":{"name":"constructor","line":11,"loc":{"start":{"line":11,"column":4},"end":{"line":13,"column":4}}},"2":{"name":"mint","line":19,"loc":{"start":{"line":19,"column":4},"end":{"line":22,"column":4}}}},"statementMap":{"1":{"start":{"line":12,"column":8},"end":{"line":12,"column":31}},"2":{"start":{"line":20,"column":8},"end":{"line":20,"column":31}},"3":{"start":{"line":21,"column":8},"end":{"line":21,"column":19}}},"branchMap":{}},"contracts/utils/MockTransferHook.sol":{"l":{"10":15},"path":"/Users/yushimasui/go/src/starlay-token/contracts/utils/MockTransferHook.sol","s":{"1":15},"b":{},"f":{"1":15},"fnMap":{"1":{"name":"onTransfer","line":9,"loc":{"start":{"line":9,"column":4},"end":{"line":11,"column":4}}}},"statementMap":{"1":{"start":{"line":10,"column":8},"end":{"line":10,"column":28}}},"branchMap":{}},"contracts/utils/VersionedInitializable.sol":{"l":{"28":3,"29":3,"31":3,"33":3},"path":"/Users/yushimasui/go/src/starlay-token/contracts/utils/VersionedInitializable.sol","s":{"1":3,"2":3,"3":3},"b":{"1":[3,0]},"f":{"1":3},"fnMap":{"1":{"name":"initializer","line":27,"loc":{"start":{"line":27,"column":4},"end":{"line":35,"column":4}}}},"statementMap":{"1":{"start":{"line":28,"column":8},"end":{"line":28,"column":40}},"2":{"start":{"line":29,"column":8},"end":{"line":29,"column":100}},"3":{"start":{"line":31,"column":8},"end":{"line":31,"column":41}}},"branchMap":{"1":{"line":29,"type":"if","locations":[{"start":{"line":29,"column":8},"end":{"line":29,"column":8}},{"start":{"line":29,"column":8},"end":{"line":29,"column":8}}]}}}}