{"contracts/interfaces/IERC20.sol":{"l":{},"path":"/Users/yushimasui/go/src/starlay-token/contracts/interfaces/IERC20.sol","s":{},"b":{},"f":{},"fnMap":{},"statementMap":{},"branchMap":{}},"contracts/interfaces/IERC20Detailed.sol":{"l":{},"path":"/Users/yushimasui/go/src/starlay-token/contracts/interfaces/IERC20Detailed.sol","s":{},"b":{},"f":{},"fnMap":{},"statementMap":{},"branchMap":{}},"contracts/interfaces/IGovernancePowerDelegationToken.sol":{"l":{},"path":"/Users/yushimasui/go/src/starlay-token/contracts/interfaces/IGovernancePowerDelegationToken.sol","s":{},"b":{},"f":{},"fnMap":{},"statementMap":{},"branchMap":{}},"contracts/interfaces/ITransferHook.sol":{"l":{},"path":"/Users/yushimasui/go/src/starlay-token/contracts/interfaces/ITransferHook.sol","s":{},"b":{},"f":{},"fnMap":{},"statementMap":{},"branchMap":{}},"contracts/token/base/GovernancePowerDelegationERC20.sol":{"l":{"37":3,"45":5,"46":5,"59":10,"61":10,"75":42,"81":42,"93":16,"99":16,"109":1,"122":17,"124":16,"126":16,"128":16,"130":16,"132":16,"133":16,"149":32,"150":2,"153":30,"159":30,"160":30,"161":30,"163":30,"164":27,"166":3,"169":30,"177":30,"179":30,"180":30,"181":30,"182":30,"183":20,"185":10,"188":30,"196":30,"213":58,"215":56,"217":56,"218":5,"222":51,"223":41,"227":10,"228":2,"231":8,"232":8,"233":8,"234":15,"235":15,"236":15,"237":3,"239":5,"241":7,"244":5,"277":60,"279":60,"280":60,"283":60,"287":4,"289":56,"290":56,"305":58,"307":58,"308":24,"311":34},"path":"/Users/yushimasui/go/src/starlay-token/contracts/token/base/GovernancePowerDelegationERC20.sol","s":{"1":3,"2":5,"3":5,"4":10,"5":10,"6":42,"7":42,"8":16,"9":16,"10":1,"11":17,"12":16,"13":16,"14":16,"15":16,"16":16,"17":16,"18":32,"19":2,"20":30,"21":30,"22":30,"23":30,"24":30,"25":27,"26":3,"27":30,"28":30,"29":30,"30":30,"31":30,"32":30,"33":20,"34":10,"35":30,"36":30,"37":58,"38":56,"39":56,"40":5,"41":51,"42":41,"43":10,"44":2,"45":8,"46":8,"47":8,"48":15,"49":15,"50":15,"51":3,"52":12,"53":5,"54":7,"55":5,"56":60,"57":60,"58":60,"59":60,"60":4,"61":56,"62":56,"63":58,"64":58,"65":24,"66":34},"b":{"1":[16,1],"2":[2,30],"3":[30,0],"4":[27,3],"5":[30,0],"6":[20,10],"7":[56,2],"8":[5,51],"9":[41,10],"10":[2,8],"11":[3,12],"12":[5,7],"13":[4,56],"14":[24,34]},"f":{"1":3,"2":5,"3":10,"4":42,"5":16,"6":1,"7":17,"8":32,"9":58,"10":60,"11":58},"fnMap":{"1":{"name":"delegateByType","line":36,"loc":{"start":{"line":36,"column":2},"end":{"line":38,"column":2}}},"2":{"name":"delegate","line":44,"loc":{"start":{"line":44,"column":2},"end":{"line":47,"column":2}}},"3":{"name":"getDelegateeByType","line":53,"loc":{"start":{"line":53,"column":2},"end":{"line":62,"column":2}}},"4":{"name":"getPowerCurrent","line":69,"loc":{"start":{"line":69,"column":2},"end":{"line":82,"column":2}}},"5":{"name":"getPowerAtBlock","line":88,"loc":{"start":{"line":88,"column":2},"end":{"line":100,"column":2}}},"6":{"name":"totalSupplyAt","line":108,"loc":{"start":{"line":108,"column":2},"end":{"line":110,"column":2}}},"7":{"name":"_delegateByType","line":117,"loc":{"start":{"line":117,"column":2},"end":{"line":134,"column":2}}},"8":{"name":"_moveDelegatesByType","line":143,"loc":{"start":{"line":143,"column":2},"end":{"line":198,"column":2}}},"9":{"name":"_searchByBlockNumber","line":207,"loc":{"start":{"line":207,"column":2},"end":{"line":245,"column":2}}},"10":{"name":"_writeSnapshot","line":270,"loc":{"start":{"line":270,"column":2},"end":{"line":292,"column":2}}},"11":{"name":"_getDelegatee","line":300,"loc":{"start":{"line":300,"column":2},"end":{"line":312,"column":2}}}},"statementMap":{"1":{"start":{"line":37,"column":4},"end":{"line":37,"column":57}},"2":{"start":{"line":45,"column":4},"end":{"line":45,"column":70}},"3":{"start":{"line":46,"column":4},"end":{"line":46,"column":75}},"4":{"start":{"line":59,"column":4},"end":{"line":59,"column":98}},"5":{"start":{"line":61,"column":4},"end":{"line":61,"column":46}},"6":{"start":{"line":75,"column":4},"end":{"line":75,"column":2469}},"7":{"start":{"line":81,"column":4},"end":{"line":81,"column":79}},"8":{"start":{"line":93,"column":4},"end":{"line":93,"column":3004}},"9":{"start":{"line":99,"column":4},"end":{"line":99,"column":78}},"10":{"start":{"line":109,"column":4},"end":{"line":109,"column":30}},"11":{"start":{"line":122,"column":4},"end":{"line":122,"column":56}},"12":{"start":{"line":124,"column":4},"end":{"line":124,"column":98}},"13":{"start":{"line":126,"column":4},"end":{"line":126,"column":51}},"14":{"start":{"line":128,"column":4},"end":{"line":128,"column":67}},"15":{"start":{"line":130,"column":4},"end":{"line":130,"column":35}},"16":{"start":{"line":132,"column":4},"end":{"line":132,"column":87}},"17":{"start":{"line":133,"column":4},"end":{"line":133,"column":62}},"18":{"start":{"line":149,"column":4},"end":{"line":149,"column":5035}},"19":{"start":{"line":150,"column":6},"end":{"line":150,"column":12}},"20":{"start":{"line":153,"column":4},"end":{"line":153,"column":5122}},"21":{"start":{"line":159,"column":4},"end":{"line":159,"column":5269}},"22":{"start":{"line":160,"column":6},"end":{"line":160,"column":26}},"23":{"start":{"line":161,"column":6},"end":{"line":161,"column":56}},"24":{"start":{"line":163,"column":6},"end":{"line":163,"column":5390}},"25":{"start":{"line":164,"column":8},"end":{"line":164,"column":63}},"26":{"start":{"line":166,"column":8},"end":{"line":166,"column":33}},"27":{"start":{"line":169,"column":6},"end":{"line":169,"column":5553}},"28":{"start":{"line":177,"column":6},"end":{"line":177,"column":76}},"29":{"start":{"line":179,"column":4},"end":{"line":179,"column":5788}},"30":{"start":{"line":180,"column":6},"end":{"line":180,"column":26}},"31":{"start":{"line":181,"column":6},"end":{"line":181,"column":52}},"32":{"start":{"line":182,"column":6},"end":{"line":182,"column":5902}},"33":{"start":{"line":183,"column":8},"end":{"line":183,"column":59}},"34":{"start":{"line":185,"column":8},"end":{"line":185,"column":31}},"35":{"start":{"line":188,"column":6},"end":{"line":188,"column":6057}},"36":{"start":{"line":196,"column":6},"end":{"line":196,"column":74}},"37":{"start":{"line":213,"column":4},"end":{"line":213,"column":63}},"38":{"start":{"line":215,"column":4},"end":{"line":215,"column":50}},"39":{"start":{"line":217,"column":4},"end":{"line":217,"column":6954}},"40":{"start":{"line":218,"column":6},"end":{"line":218,"column":28}},"41":{"start":{"line":222,"column":4},"end":{"line":222,"column":7061}},"42":{"start":{"line":223,"column":6},"end":{"line":223,"column":54}},"43":{"start":{"line":227,"column":4},"end":{"line":227,"column":7238}},"44":{"start":{"line":228,"column":6},"end":{"line":228,"column":14}},"45":{"start":{"line":231,"column":4},"end":{"line":231,"column":21}},"46":{"start":{"line":232,"column":4},"end":{"line":232,"column":38}},"47":{"start":{"line":233,"column":4},"end":{"line":233,"column":7380}},"48":{"start":{"line":234,"column":6},"end":{"line":234,"column":50}},"49":{"start":{"line":235,"column":6},"end":{"line":235,"column":56}},"50":{"start":{"line":236,"column":6},"end":{"line":236,"column":7549}},"51":{"start":{"line":237,"column":8},"end":{"line":237,"column":29}},"52":{"start":{"line":238,"column":13},"end":{"line":238,"column":7636}},"53":{"start":{"line":239,"column":8},"end":{"line":239,"column":21}},"54":{"start":{"line":241,"column":8},"end":{"line":241,"column":25}},"55":{"start":{"line":244,"column":4},"end":{"line":244,"column":39}},"56":{"start":{"line":277,"column":4},"end":{"line":277,"column":48}},"57":{"start":{"line":279,"column":4},"end":{"line":279,"column":56}},"58":{"start":{"line":280,"column":4},"end":{"line":280,"column":74}},"59":{"start":{"line":283,"column":4},"end":{"line":283,"column":9316}},"60":{"start":{"line":287,"column":6},"end":{"line":287,"column":61}},"61":{"start":{"line":289,"column":6},"end":{"line":289,"column":75}},"62":{"start":{"line":290,"column":6},"end":{"line":290,"column":53}},"63":{"start":{"line":305,"column":4},"end":{"line":305,"column":52}},"64":{"start":{"line":307,"column":4},"end":{"line":307,"column":10194}},"65":{"start":{"line":308,"column":6},"end":{"line":308,"column":22}},"66":{"start":{"line":311,"column":4},"end":{"line":311,"column":28}}},"branchMap":{"1":{"line":122,"type":"if","locations":[{"start":{"line":122,"column":4},"end":{"line":122,"column":4}},{"start":{"line":122,"column":4},"end":{"line":122,"column":4}}]},"2":{"line":149,"type":"if","locations":[{"start":{"line":149,"column":4},"end":{"line":149,"column":4}},{"start":{"line":149,"column":4},"end":{"line":149,"column":4}}]},"3":{"line":159,"type":"if","locations":[{"start":{"line":159,"column":4},"end":{"line":159,"column":4}},{"start":{"line":159,"column":4},"end":{"line":159,"column":4}}]},"4":{"line":163,"type":"if","locations":[{"start":{"line":163,"column":6},"end":{"line":163,"column":6}},{"start":{"line":163,"column":6},"end":{"line":163,"column":6}}]},"5":{"line":179,"type":"if","locations":[{"start":{"line":179,"column":4},"end":{"line":179,"column":4}},{"start":{"line":179,"column":4},"end":{"line":179,"column":4}}]},"6":{"line":182,"type":"if","locations":[{"start":{"line":182,"column":6},"end":{"line":182,"column":6}},{"start":{"line":182,"column":6},"end":{"line":182,"column":6}}]},"7":{"line":213,"type":"if","locations":[{"start":{"line":213,"column":4},"end":{"line":213,"column":4}},{"start":{"line":213,"column":4},"end":{"line":213,"column":4}}]},"8":{"line":217,"type":"if","locations":[{"start":{"line":217,"column":4},"end":{"line":217,"column":4}},{"start":{"line":217,"column":4},"end":{"line":217,"column":4}}]},"9":{"line":222,"type":"if","locations":[{"start":{"line":222,"column":4},"end":{"line":222,"column":4}},{"start":{"line":222,"column":4},"end":{"line":222,"column":4}}]},"10":{"line":227,"type":"if","locations":[{"start":{"line":227,"column":4},"end":{"line":227,"column":4}},{"start":{"line":227,"column":4},"end":{"line":227,"column":4}}]},"11":{"line":236,"type":"if","locations":[{"start":{"line":236,"column":6},"end":{"line":236,"column":6}},{"start":{"line":236,"column":6},"end":{"line":236,"column":6}}]},"12":{"line":238,"type":"if","locations":[{"start":{"line":238,"column":13},"end":{"line":238,"column":13}},{"start":{"line":238,"column":13},"end":{"line":238,"column":13}}]},"13":{"line":283,"type":"if","locations":[{"start":{"line":283,"column":4},"end":{"line":283,"column":4}},{"start":{"line":283,"column":4},"end":{"line":283,"column":4}}]},"14":{"line":307,"type":"if","locations":[{"start":{"line":307,"column":4},"end":{"line":307,"column":4}},{"start":{"line":307,"column":4},"end":{"line":307,"column":4}}]}}},"contracts/token/LayToken.sol":{"l":{"69":1,"72":1,"76":1,"85":1,"86":1,"87":1,"88":1,"89":1,"90":1,"113":7,"115":6,"116":4,"117":4,"125":4,"126":2,"127":2,"134":1,"148":16,"150":16,"151":16,"154":16,"158":2,"160":14,"161":14,"164":16,"181":10,"182":1,"185":9,"186":7,"187":7,"189":9,"190":9,"191":9,"195":9,"196":9,"197":9},"path":"/Users/yushimasui/go/src/starlay-token/contracts/token/LayToken.sol","s":{"1":1,"2":1,"3":1,"4":1,"5":1,"6":1,"7":1,"8":1,"9":7,"10":6,"11":4,"12":4,"13":4,"14":2,"15":2,"16":1,"17":16,"18":16,"19":16,"20":16,"21":2,"22":14,"23":14,"24":16,"25":10,"26":1,"27":9,"28":7,"29":7,"30":9,"31":9,"32":9,"33":9,"34":9,"35":9},"b":{"1":[6,1],"2":[4,2],"3":[2,2],"4":[2,14],"5":[1,9],"6":[7,2],"7":[9,0],"8":[9,0]},"f":{"1":3,"2":1,"3":7,"4":1,"5":16,"6":10},"fnMap":{"1":{"name":"constructor","line":57,"loc":{"start":{"line":57,"column":2},"end":{"line":57,"column":44}}},"2":{"name":"initialize","line":68,"loc":{"start":{"line":64,"column":2},"end":{"line":91,"column":2}}},"3":{"name":"permit","line":104,"loc":{"start":{"line":104,"column":2},"end":{"line":128,"column":2}}},"4":{"name":"getRevision","line":133,"loc":{"start":{"line":133,"column":2},"end":{"line":135,"column":2}}},"5":{"name":"_writeSnapshot","line":143,"loc":{"start":{"line":143,"column":2},"end":{"line":165,"column":2}}},"6":{"name":"_beforeTokenTransfer","line":176,"loc":{"start":{"line":176,"column":2},"end":{"line":199,"column":2}}}},"statementMap":{"1":{"start":{"line":69,"column":4},"end":{"line":69,"column":19}},"2":{"start":{"line":76,"column":4},"end":{"line":76,"column":2592}},"3":{"start":{"line":85,"column":4},"end":{"line":85,"column":15}},"4":{"start":{"line":86,"column":4},"end":{"line":86,"column":19}},"5":{"start":{"line":87,"column":4},"end":{"line":87,"column":27}},"6":{"start":{"line":88,"column":4},"end":{"line":88,"column":41}},"7":{"start":{"line":89,"column":4},"end":{"line":89,"column":36}},"8":{"start":{"line":90,"column":4},"end":{"line":90,"column":42}},"9":{"start":{"line":113,"column":4},"end":{"line":113,"column":48}},"10":{"start":{"line":115,"column":4},"end":{"line":115,"column":61}},"11":{"start":{"line":116,"column":4},"end":{"line":116,"column":46}},"12":{"start":{"line":117,"column":4},"end":{"line":117,"column":3772}},"13":{"start":{"line":125,"column":4},"end":{"line":125,"column":68}},"14":{"start":{"line":126,"column":4},"end":{"line":126,"column":44}},"15":{"start":{"line":127,"column":4},"end":{"line":127,"column":34}},"16":{"start":{"line":134,"column":4},"end":{"line":134,"column":19}},"17":{"start":{"line":148,"column":4},"end":{"line":148,"column":48}},"18":{"start":{"line":150,"column":4},"end":{"line":150,"column":59}},"19":{"start":{"line":151,"column":4},"end":{"line":151,"column":75}},"20":{"start":{"line":154,"column":4},"end":{"line":154,"column":4914}},"21":{"start":{"line":158,"column":6},"end":{"line":158,"column":63}},"22":{"start":{"line":160,"column":6},"end":{"line":160,"column":77}},"23":{"start":{"line":161,"column":6},"end":{"line":161,"column":56}},"24":{"start":{"line":164,"column":4},"end":{"line":164,"column":48}},"25":{"start":{"line":181,"column":4},"end":{"line":181,"column":5784}},"26":{"start":{"line":182,"column":6},"end":{"line":182,"column":12}},"27":{"start":{"line":185,"column":4},"end":{"line":185,"column":5827}},"28":{"start":{"line":186,"column":6},"end":{"line":186,"column":43}},"29":{"start":{"line":187,"column":6},"end":{"line":187,"column":81}},"30":{"start":{"line":189,"column":4},"end":{"line":189,"column":5992}},"31":{"start":{"line":190,"column":6},"end":{"line":190,"column":39}},"32":{"start":{"line":191,"column":6},"end":{"line":191,"column":75}},"33":{"start":{"line":195,"column":4},"end":{"line":195,"column":56}},"34":{"start":{"line":196,"column":4},"end":{"line":196,"column":6280}},"35":{"start":{"line":197,"column":6},"end":{"line":197,"column":51}}},"branchMap":{"1":{"line":113,"type":"if","locations":[{"start":{"line":113,"column":4},"end":{"line":113,"column":4}},{"start":{"line":113,"column":4},"end":{"line":113,"column":4}}]},"2":{"line":115,"type":"if","locations":[{"start":{"line":115,"column":4},"end":{"line":115,"column":4}},{"start":{"line":115,"column":4},"end":{"line":115,"column":4}}]},"3":{"line":125,"type":"if","locations":[{"start":{"line":125,"column":4},"end":{"line":125,"column":4}},{"start":{"line":125,"column":4},"end":{"line":125,"column":4}}]},"4":{"line":154,"type":"if","locations":[{"start":{"line":154,"column":4},"end":{"line":154,"column":4}},{"start":{"line":154,"column":4},"end":{"line":154,"column":4}}]},"5":{"line":181,"type":"if","locations":[{"start":{"line":181,"column":4},"end":{"line":181,"column":4}},{"start":{"line":181,"column":4},"end":{"line":181,"column":4}}]},"6":{"line":185,"type":"if","locations":[{"start":{"line":185,"column":4},"end":{"line":185,"column":4}},{"start":{"line":185,"column":4},"end":{"line":185,"column":4}}]},"7":{"line":189,"type":"if","locations":[{"start":{"line":189,"column":4},"end":{"line":189,"column":4}},{"start":{"line":189,"column":4},"end":{"line":189,"column":4}}]},"8":{"line":196,"type":"if","locations":[{"start":{"line":196,"column":4},"end":{"line":196,"column":4}},{"start":{"line":196,"column":4},"end":{"line":196,"column":4}}]}}},"contracts/token/LayTokenV2.sol":{"l":{"78":7,"80":6,"81":4,"82":4,"90":4,"91":2,"92":2,"99":2,"116":8,"117":8,"119":8,"126":8,"127":8,"129":8,"137":8,"138":8,"139":8,"153":114,"154":58,"156":56,"183":5,"186":5,"187":5,"188":5,"189":4,"190":3,"191":2,"211":4,"212":4,"213":4,"214":4,"215":3,"216":2,"217":1,"218":1},"path":"/Users/yushimasui/go/src/starlay-token/contracts/token/LayTokenV2.sol","s":{"1":7,"2":6,"3":4,"4":4,"5":4,"6":2,"7":2,"8":2,"9":8,"10":8,"11":8,"12":8,"13":8,"14":8,"15":8,"16":8,"17":8,"18":114,"19":58,"20":56,"21":5,"22":5,"23":5,"24":5,"25":4,"26":3,"27":2,"28":4,"29":4,"30":4,"31":4,"32":3,"33":2,"34":1,"35":1},"b":{"1":[6,1],"2":[4,2],"3":[2,2],"4":[8,0],"5":[58,56],"6":[4,1],"7":[3,1],"8":[2,1],"9":[3,1],"10":[2,1],"11":[1,1]},"f":{"1":6,"2":2,"3":7,"4":2,"5":8,"6":114,"7":5,"8":4},"fnMap":{"1":{"name":"constructor","line":51,"loc":{"start":{"line":51,"column":2},"end":{"line":51,"column":44}}},"2":{"name":"initialize","line":56,"loc":{"start":{"line":56,"column":2},"end":{"line":56,"column":46}}},"3":{"name":"permit","line":69,"loc":{"start":{"line":69,"column":2},"end":{"line":93,"column":2}}},"4":{"name":"getRevision","line":98,"loc":{"start":{"line":98,"column":2},"end":{"line":100,"column":2}}},"5":{"name":"_beforeTokenTransfer","line":111,"loc":{"start":{"line":111,"column":2},"end":{"line":141,"column":2}}},"6":{"name":"_getDelegationDataByType","line":143,"loc":{"start":{"line":143,"column":2},"end":{"line":162,"column":2}}},"7":{"name":"delegateByTypeBySig","line":174,"loc":{"start":{"line":174,"column":2},"end":{"line":192,"column":2}}},"8":{"name":"delegateBySig","line":203,"loc":{"start":{"line":203,"column":2},"end":{"line":219,"column":2}}}},"statementMap":{"1":{"start":{"line":78,"column":4},"end":{"line":78,"column":48}},"2":{"start":{"line":80,"column":4},"end":{"line":80,"column":61}},"3":{"start":{"line":81,"column":4},"end":{"line":81,"column":46}},"4":{"start":{"line":82,"column":4},"end":{"line":82,"column":2986}},"5":{"start":{"line":90,"column":4},"end":{"line":90,"column":68}},"6":{"start":{"line":91,"column":4},"end":{"line":91,"column":44}},"7":{"start":{"line":92,"column":4},"end":{"line":92,"column":34}},"8":{"start":{"line":99,"column":4},"end":{"line":99,"column":19}},"9":{"start":{"line":116,"column":4},"end":{"line":116,"column":71}},"10":{"start":{"line":117,"column":4},"end":{"line":117,"column":67}},"11":{"start":{"line":119,"column":4},"end":{"line":119,"column":4134}},"12":{"start":{"line":126,"column":4},"end":{"line":126,"column":84}},"13":{"start":{"line":127,"column":4},"end":{"line":127,"column":80}},"14":{"start":{"line":129,"column":4},"end":{"line":129,"column":4437}},"15":{"start":{"line":137,"column":4},"end":{"line":137,"column":48}},"16":{"start":{"line":138,"column":4},"end":{"line":138,"column":4704}},"17":{"start":{"line":139,"column":6},"end":{"line":139,"column":47}},"18":{"start":{"line":153,"column":4},"end":{"line":153,"column":5133}},"19":{"start":{"line":154,"column":6},"end":{"line":154,"column":73}},"20":{"start":{"line":156,"column":6},"end":{"line":156,"column":5283}},"21":{"start":{"line":183,"column":4},"end":{"line":183,"column":6091}},"22":{"start":{"line":186,"column":4},"end":{"line":186,"column":90}},"23":{"start":{"line":187,"column":4},"end":{"line":187,"column":50}},"24":{"start":{"line":188,"column":4},"end":{"line":188,"column":56}},"25":{"start":{"line":189,"column":4},"end":{"line":189,"column":58}},"26":{"start":{"line":190,"column":4},"end":{"line":190,"column":59}},"27":{"start":{"line":191,"column":4},"end":{"line":191,"column":56}},"28":{"start":{"line":211,"column":4},"end":{"line":211,"column":91}},"29":{"start":{"line":212,"column":4},"end":{"line":212,"column":90}},"30":{"start":{"line":213,"column":4},"end":{"line":213,"column":50}},"31":{"start":{"line":214,"column":4},"end":{"line":214,"column":56}},"32":{"start":{"line":215,"column":4},"end":{"line":215,"column":58}},"33":{"start":{"line":216,"column":4},"end":{"line":216,"column":59}},"34":{"start":{"line":217,"column":4},"end":{"line":217,"column":69}},"35":{"start":{"line":218,"column":4},"end":{"line":218,"column":74}}},"branchMap":{"1":{"line":78,"type":"if","locations":[{"start":{"line":78,"column":4},"end":{"line":78,"column":4}},{"start":{"line":78,"column":4},"end":{"line":78,"column":4}}]},"2":{"line":80,"type":"if","locations":[{"start":{"line":80,"column":4},"end":{"line":80,"column":4}},{"start":{"line":80,"column":4},"end":{"line":80,"column":4}}]},"3":{"line":90,"type":"if","locations":[{"start":{"line":90,"column":4},"end":{"line":90,"column":4}},{"start":{"line":90,"column":4},"end":{"line":90,"column":4}}]},"4":{"line":138,"type":"if","locations":[{"start":{"line":138,"column":4},"end":{"line":138,"column":4}},{"start":{"line":138,"column":4},"end":{"line":138,"column":4}}]},"5":{"line":153,"type":"if","locations":[{"start":{"line":153,"column":4},"end":{"line":153,"column":4}},{"start":{"line":153,"column":4},"end":{"line":153,"column":4}}]},"6":{"line":188,"type":"if","locations":[{"start":{"line":188,"column":4},"end":{"line":188,"column":4}},{"start":{"line":188,"column":4},"end":{"line":188,"column":4}}]},"7":{"line":189,"type":"if","locations":[{"start":{"line":189,"column":4},"end":{"line":189,"column":4}},{"start":{"line":189,"column":4},"end":{"line":189,"column":4}}]},"8":{"line":190,"type":"if","locations":[{"start":{"line":190,"column":4},"end":{"line":190,"column":4}},{"start":{"line":190,"column":4},"end":{"line":190,"column":4}}]},"9":{"line":214,"type":"if","locations":[{"start":{"line":214,"column":4},"end":{"line":214,"column":4}},{"start":{"line":214,"column":4},"end":{"line":214,"column":4}}]},"10":{"line":215,"type":"if","locations":[{"start":{"line":215,"column":4},"end":{"line":215,"column":4}},{"start":{"line":215,"column":4},"end":{"line":215,"column":4}}]},"11":{"line":216,"type":"if","locations":[{"start":{"line":216,"column":4},"end":{"line":216,"column":4}},{"start":{"line":216,"column":4},"end":{"line":216,"column":4}}]}}},"contracts/token/LendToLayMigrator.sol":{"l":{"37":3,"38":3,"39":3,"52":2,"62":7,"64":6,"65":6,"66":6,"67":6,"75":4},"path":"/Users/yushimasui/go/src/starlay-token/contracts/token/LendToLayMigrator.sol","s":{"1":3,"2":3,"3":3,"4":2,"5":7,"6":6,"7":6,"8":6,"9":6,"10":4},"b":{"1":[6,1]},"f":{"1":3,"2":4,"3":2,"4":7,"5":4},"fnMap":{"1":{"name":"constructor","line":36,"loc":{"start":{"line":36,"column":4},"end":{"line":40,"column":4}}},"2":{"name":"initialize","line":45,"loc":{"start":{"line":45,"column":4},"end":{"line":46,"column":4}}},"3":{"name":"migrationStarted","line":51,"loc":{"start":{"line":51,"column":4},"end":{"line":53,"column":4}}},"4":{"name":"migrateFromLEND","line":61,"loc":{"start":{"line":61,"column":4},"end":{"line":68,"column":4}}},"5":{"name":"getRevision","line":74,"loc":{"start":{"line":74,"column":4},"end":{"line":76,"column":4}}}},"statementMap":{"1":{"start":{"line":37,"column":8},"end":{"line":37,"column":16}},"2":{"start":{"line":38,"column":8},"end":{"line":38,"column":18}},"3":{"start":{"line":39,"column":8},"end":{"line":39,"column":36}},"4":{"start":{"line":52,"column":8},"end":{"line":52,"column":43}},"5":{"start":{"line":62,"column":8},"end":{"line":62,"column":69}},"6":{"start":{"line":64,"column":8},"end":{"line":64,"column":58}},"7":{"start":{"line":65,"column":8},"end":{"line":65,"column":59}},"8":{"start":{"line":66,"column":8},"end":{"line":66,"column":59}},"9":{"start":{"line":67,"column":8},"end":{"line":67,"column":45}},"10":{"start":{"line":75,"column":8},"end":{"line":75,"column":23}}},"branchMap":{"1":{"line":62,"type":"if","locations":[{"start":{"line":62,"column":8},"end":{"line":62,"column":8}},{"start":{"line":62,"column":8},"end":{"line":62,"column":8}}]}}},"contracts/utils/DoubleTransferHelper.sol":{"l":{"11":6,"15":2,"16":2},"path":"/Users/yushimasui/go/src/starlay-token/contracts/utils/DoubleTransferHelper.sol","s":{"1":6,"2":2,"3":2},"b":{},"f":{"1":6,"2":2},"fnMap":{"1":{"name":"constructor","line":10,"loc":{"start":{"line":10,"column":4},"end":{"line":12,"column":4}}},"2":{"name":"doubleSend","line":14,"loc":{"start":{"line":14,"column":4},"end":{"line":17,"column":4}}}},"statementMap":{"1":{"start":{"line":11,"column":8},"end":{"line":11,"column":16}},"2":{"start":{"line":15,"column":8},"end":{"line":15,"column":32}},"3":{"start":{"line":16,"column":8},"end":{"line":16,"column":32}}},"branchMap":{}},"contracts/utils/MintableErc20.sol":{"l":{"12":3,"20":6,"21":6},"path":"/Users/yushimasui/go/src/starlay-token/contracts/utils/MintableErc20.sol","s":{"1":3,"2":6,"3":6},"b":{},"f":{"1":3,"2":6},"fnMap":{"1":{"name":"constructor","line":11,"loc":{"start":{"line":11,"column":4},"end":{"line":13,"column":4}}},"2":{"name":"mint","line":19,"loc":{"start":{"line":19,"column":4},"end":{"line":22,"column":4}}}},"statementMap":{"1":{"start":{"line":12,"column":8},"end":{"line":12,"column":31}},"2":{"start":{"line":20,"column":8},"end":{"line":20,"column":31}},"3":{"start":{"line":21,"column":8},"end":{"line":21,"column":19}}},"branchMap":{}},"contracts/utils/MockTransferHook.sol":{"l":{"10":17},"path":"/Users/yushimasui/go/src/starlay-token/contracts/utils/MockTransferHook.sol","s":{"1":17},"b":{},"f":{"1":17},"fnMap":{"1":{"name":"onTransfer","line":9,"loc":{"start":{"line":9,"column":4},"end":{"line":11,"column":4}}}},"statementMap":{"1":{"start":{"line":10,"column":8},"end":{"line":10,"column":28}}},"branchMap":{}},"contracts/utils/VersionedInitializable.sol":{"l":{"28":7,"29":7,"31":7,"33":7},"path":"/Users/yushimasui/go/src/starlay-token/contracts/utils/VersionedInitializable.sol","s":{"1":7,"2":7,"3":7},"b":{"1":[7,0]},"f":{"1":7},"fnMap":{"1":{"name":"initializer","line":27,"loc":{"start":{"line":27,"column":4},"end":{"line":35,"column":4}}}},"statementMap":{"1":{"start":{"line":28,"column":8},"end":{"line":28,"column":40}},"2":{"start":{"line":29,"column":8},"end":{"line":29,"column":100}},"3":{"start":{"line":31,"column":8},"end":{"line":31,"column":41}}},"branchMap":{"1":{"line":29,"type":"if","locations":[{"start":{"line":29,"column":8},"end":{"line":29,"column":8}},{"start":{"line":29,"column":8},"end":{"line":29,"column":8}}]}}}}